<?xml version="1.0" encoding="utf-8"?><testsuites name="pytest tests"><testsuite name="pytest" errors="0" failures="0" skipped="0" tests="23" time="2.799" timestamp="2026-06-23T18:26:26.056144+00:00" hostname="agent-env-3dee36f7-1de0-41b9-9513-22950f5bcf95"><testcase classname="backend.tests.test_edamen_api.TestHealthAndConfig" name="test_health" time="0.221" /><testcase classname="backend.tests.test_edamen_api.TestHealthAndConfig" name="test_config" time="0.070" /><testcase classname="backend.tests.test_edamen_api.TestAuth" name="test_login_success" time="0.288" /><testcase classname="backend.tests.test_edamen_api.TestAuth" name="test_login_invalid" time="0.290" /><testcase classname="backend.tests.test_edamen_api.TestAuth" name="test_me_requires_token" time="0.061" /><testcase classname="backend.tests.test_edamen_api.TestAuth" name="test_me_with_token" time="0.370" /><testcase classname="backend.tests.test_edamen_api.TestUnauthorized" name="test_list_apps_unauth" time="0.079" /><testcase classname="backend.tests.test_edamen_api.TestUnauthorized" name="test_stats_unauth" time="0.115" /><testcase classname="backend.tests.test_edamen_api.TestUnauthorized" name="test_patch_unauth" time="0.056" /><testcase classname="backend.tests.test_edamen_api.TestUnauthorized" name="test_delete_unauth" time="0.056" /><testcase classname="backend.tests.test_edamen_api.TestUnauthorized" name="test_list_contact_unauth" time="0.059" /><testcase classname="backend.tests.test_edamen_api.TestApplications" name="test_create_application" time="0.094" /><testcase classname="backend.tests.test_edamen_api.TestApplications" name="test_create_application_validation" time="0.059" /><testcase classname="backend.tests.test_edamen_api.TestApplications" name="test_list_applications" time="0.059" /><testcase classname="backend.tests.test_edamen_api.TestApplications" name="test_get_application_detail" time="0.063" /><testcase classname="backend.tests.test_edamen_api.TestApplications" name="test_stats_endpoint" time="0.065" /><testcase classname="backend.tests.test_edamen_api.TestApplications" name="test_filter_by_status" time="0.055" /><testcase classname="backend.tests.test_edamen_api.TestApplications" name="test_patch_status_and_notes" time="0.123" /><testcase classname="backend.tests.test_edamen_api.TestApplications" name="test_patch_invalid_status" time="0.052" /><testcase classname="backend.tests.test_edamen_api.TestApplications" name="test_delete_application" time="0.131" /><testcase classname="backend.tests.test_edamen_api.TestContact" name="test_create_contact" time="0.100" /><testcase classname="backend.tests.test_edamen_api.TestContact" name="test_contact_without_phone_or_company" time="0.055" /><testcase classname="backend.tests.test_edamen_api.TestContact" name="test_list_contact_admin" time="0.053" /></testsuite></testsuites>